2026-02-04 07:31:46 +0000 - dagster - DEBUG - materialize_dbt_models - ac32a8a4-2741-469b-b9bb-3b9ac859804b - 17522 - LOGS_CAPTURED - Started capturing logs in process (pid: 17522).
2026-02-04 07:31:46 +0000 - dagster - DEBUG - materialize_dbt_models - ac32a8a4-2741-469b-b9bb-3b9ac859804b - 17522 - airbnb_dbt_fusion_data_bricks_dbt_assets - STEP_START - Started execution of step "airbnb_dbt_fusion_data_bricks_dbt_assets".
2026-02-04 07:31:46 +0000 - dagster - INFO - materialize_dbt_models - ac32a8a4-2741-469b-b9bb-3b9ac859804b - airbnb_dbt_fusion_data_bricks_dbt_assets - A dbt subsetted execution is not being performed. Using the default dbt selection arguments `['--select', 'fqn:*']`.
2026-02-04 07:31:46 +0000 - dagster - INFO - materialize_dbt_models - ac32a8a4-2741-469b-b9bb-3b9ac859804b - airbnb_dbt_fusion_data_bricks_dbt_assets - Running dbt command: `dbt build --select fqn:*`.
2026-02-04 07:32:37 +0000 - dagster - DEBUG - materialize_dbt_models - ac32a8a4-2741-469b-b9bb-3b9ac859804b - 17522 - airbnb_dbt_fusion_data_bricks_dbt_assets - STEP_OUTPUT - Yielded output "src_listings" of type "Nothing". (Type check passed).
2026-02-04 07:32:37 +0000 - dagster - DEBUG - materialize_dbt_models - ac32a8a4-2741-469b-b9bb-3b9ac859804b - 17522 - airbnb_dbt_fusion_data_bricks_dbt_assets - ASSET_MATERIALIZATION - Materialized value src_listings.
2026-02-04 07:32:38 +0000 - dagster - DEBUG - materialize_dbt_models - ac32a8a4-2741-469b-b9bb-3b9ac859804b - 17522 - airbnb_dbt_fusion_data_bricks_dbt_assets - STEP_OUTPUT - Yielded output "src_reviews" of type "Nothing". (Type check passed).
2026-02-04 07:32:38 +0000 - dagster - DEBUG - materialize_dbt_models - ac32a8a4-2741-469b-b9bb-3b9ac859804b - 17522 - airbnb_dbt_fusion_data_bricks_dbt_assets - ASSET_MATERIALIZATION - Materialized value src_reviews.
2026-02-04 07:32:40 +0000 - dagster - DEBUG - materialize_dbt_models - ac32a8a4-2741-469b-b9bb-3b9ac859804b - 17522 - airbnb_dbt_fusion_data_bricks_dbt_assets - STEP_OUTPUT - Yielded output "src_hosts" of type "Nothing". (Type check passed).
2026-02-04 07:32:40 +0000 - dagster - DEBUG - materialize_dbt_models - ac32a8a4-2741-469b-b9bb-3b9ac859804b - 17522 - airbnb_dbt_fusion_data_bricks_dbt_assets - ASSET_MATERIALIZATION - Materialized value src_hosts.
Exception ignored in: <generator object DbtCliInvocation._stream_stdout at 0x74ed0f4f10e0>
Traceback (most recent call last):
  File "/usr/local/lib/python3.10/site-packages/dagster_dbt/core/dbt_cli_invocation.py", line 378, in stream_raw_events
    yield event
RuntimeError: generator ignored GeneratorExit
2026-02-04 07:32:49 +0000 - dagster - ERROR - materialize_dbt_models - ac32a8a4-2741-469b-b9bb-3b9ac859804b - 17522 - airbnb_dbt_fusion_data_bricks_dbt_assets - STEP_FAILURE - Execution of step "airbnb_dbt_fusion_data_bricks_dbt_assets" failed.

dagster._core.errors.DagsterExecutionStepExecutionError: Error occurred while executing op "airbnb_dbt_fusion_data_bricks_dbt_assets"::

KeyError: 'unit_test.airbnb_dbt_fusion_data_bricks.mart_fullmoon_reviews.unittest_fullmoon_matcher'

Stack Trace:
  File "/usr/local/lib/python3.10/site-packages/dagster/_core/execution/plan/utils.py", line 57, in op_execution_error_boundary
    yield
  File "/usr/local/lib/python3.10/site-packages/dagster/_utils/__init__.py", line 394, in iterate_with_context
    next_output = next(iterator)
  File "/opt/dagster/app/dagster_airbnb/dagster_airbnb/assets.py", line 18, in airbnb_dbt_fusion_data_bricks_dbt_assets
    yield from dbt.cli(["build"], context=context).stream()
  File "/usr/local/lib/python3.10/site-packages/dagster_dbt/core/dbt_event_iterator.py", line 215, in __next__
    return next(self._inner_iterator)
  File "/usr/local/lib/python3.10/site-packages/dagster_dbt/core/dbt_cli_invocation.py", line 289, in _stream_asset_events
    yield from event.to_default_asset_events(
  File "/usr/local/lib/python3.10/site-packages/dagster_dbt/core/dbt_cli_event.py", line 571, in to_default_asset_events
    if self._is_model_execution_event(manifest):
  File "/usr/local/lib/python3.10/site-packages/dagster_dbt/core/dbt_cli_event.py", line 260, in _is_model_execution_event
    resource_props = self._get_resource_props(self._unique_id, manifest)
  File "/usr/local/lib/python3.10/site-packages/dagster_dbt/core/dbt_cli_event.py", line 280, in _get_resource_props
    return manifest["nodes"][unique_id]

